sw3276
*   d6bea8b 9th commit, 5th on master
|\  
| *   fcd3233 7th commit, 3rd on testing1
| |\  
| * | 9aca89b 6th commit, 2nd on testing1
* | |   9cb2fbb 8th commit, 4th on master
|\ \ \  
| |_|/  
|/| |   
| * | d8321c3 4th commit, 1st on testing2
* | |   1a8abe5 5th commit, 3rd on master
|\ \ \  
| |/ /  
|/| /   
| |/    
| * 2fd8239 2nd commit, 1st on testing1
* | 3c44c20 3rd commit, 2nd on master
|/  
* 78c9aaa 1st commit, 1st on master
zl1446
*   4ecb3fd Merge branch 'testing1'
|\  
| *   fad687e Merge branch 'testing2' into testing1
| |\  
| * | 17a92c4 5th commit(2nd on branch testing1)
* | |   dd7af97 Merge branch 'testing2'
|\ \ \  
| | |/  
| |/|   
| * |   502b4ee Merge branch 'testing1' into testing2
| |\ \  
| | |/  
| | * 67c39e1 4th commit(1st on branch testing1)
* | | a736dc3 3rd commit(3rd on branch master)
|/ /  
* | a86e141 2nd commit(2nd on branch master)
|/  
* c5dd61c 1st commit(1st on branch master)